<?xml version="1.0" encoding="UTF-8" ?>
<testsuite tests="15" failures="1" name="com.shopcart.qa.testcases.LoginPageTest" time="46.089" errors="0" skipped="14">
  <properties>
    <property name="java.runtime.name" value="Java(TM) SE Runtime Environment"/>
    <property name="sun.boot.library.path" value="C:\Program Files\java\jdk1.8.0_152\jre\bin"/>
    <property name="java.vm.version" value="25.152-b16"/>
    <property name="java.vm.vendor" value="Oracle Corporation"/>
    <property name="maven.multiModuleProjectDirectory" value="F:\FULL TIME\FinalProject\PRESTASHOPCART"/>
    <property name="java.vendor.url" value="http://java.oracle.com/"/>
    <property name="path.separator" value=";"/>
    <property name="guice.disable.misplaced.annotation.check" value="true"/>
    <property name="java.vm.name" value="Java HotSpot(TM) 64-Bit Server VM"/>
    <property name="file.encoding.pkg" value="sun.io"/>
    <property name="user.script" value=""/>
    <property name="user.country" value="IN"/>
    <property name="sun.java.launcher" value="SUN_STANDARD"/>
    <property name="sun.os.patch.level" value=""/>
    <property name="java.vm.specification.name" value="Java Virtual Machine Specification"/>
    <property name="user.dir" value="F:\FULL TIME\FinalProject\PRESTASHOPCART"/>
    <property name="java.runtime.version" value="1.8.0_152-b16"/>
    <property name="java.awt.graphicsenv" value="sun.awt.Win32GraphicsEnvironment"/>
    <property name="java.endorsed.dirs" value="C:\Program Files\java\jdk1.8.0_152\jre\lib\endorsed"/>
    <property name="os.arch" value="amd64"/>
    <property name="java.io.tmpdir" value="C:\Users\BS146TU\AppData\Local\Temp\"/>
    <property name="line.separator" value="
"/>
    <property name="java.vm.specification.vendor" value="Oracle Corporation"/>
    <property name="user.variant" value=""/>
    <property name="os.name" value="Windows 10"/>
    <property name="classworlds.conf" value="F:\FULL TIME\FinalProject\.metadata\.plugins\org.eclipse.m2e.launching\launches\m2conf8431646564627050424.tmp"/>
    <property name="sun.jnu.encoding" value="Cp1252"/>
    <property name="java.library.path" value="C:\Program Files\java\jdk1.8.0_152\bin;C:\WINDOWS\Sun\Java\bin;C:\WINDOWS\system32;C:\WINDOWS;C:/Program Files/java/jdk1.8.0_152/bin/../jre/bin/server;C:/Program Files/java/jdk1.8.0_152/bin/../jre/bin;C:/Program Files/java/jdk1.8.0_152/bin/../jre/lib/amd64;&quot;C:\Program Files (x86)\Common Files\Oracle\Java\javapath;C:\Program Files\java\jdk1.8.0_152\bin;&quot;;C:\Program Files (x86)\Intel\iCLS Client\;C:\Program Files\Intel\iCLS Client\;C:\WINDOWS\system32;C:\WINDOWS;C:\WINDOWS\System32\Wbem;&quot;C:\WINDOWS\System32\WindowsPowerShell\v1.0\;C:\Program Files (x86)\Intel\Intel(R) Management Engine Components\DAL;C:\Program Files\Intel\Intel(R) Management Engine Components\DAL;C:\Program Files (x86)\Intel\Intel(R) Management Engine Components\IPT;C:\Program Files\Intel\Intel(R) Management Engine Components\IPT;C:\Program Files\MySQL\MySQL Server 5.5\bin;C:\WINDOWS\System32\WindowsPowerShell\v1.0\;C:\WINDOWS\System32\OpenSSH\&quot;;C:\Program Files\java\jdk1.8.0_152\bin;C:\WINDOWS\System32\OpenSSH\;F:\Git\cmd;C:\Program Files\apache-maven-3.6.3\bin;C:\Users\BS146TU\AppData\Local\Programs\Python\Python36\Scripts\;C:\Users\BS146TU\AppData\Local\Programs\Python\Python36\;C:\Program Files\java\jdk1.8.0_152\bin;%USERPROFILE%\AppData\Local\Microsoft\WindowsApps;;C:\WINDOWS\System32;;."/>
    <property name="java.specification.name" value="Java Platform API Specification"/>
    <property name="java.class.version" value="52.0"/>
    <property name="sun.management.compiler" value="HotSpot 64-Bit Tiered Compilers"/>
    <property name="os.version" value="10.0"/>
    <property name="user.home" value="C:\Users\BS146TU"/>
    <property name="user.timezone" value="Asia/Calcutta"/>
    <property name="java.awt.printerjob" value="sun.awt.windows.WPrinterJob"/>
    <property name="java.specification.version" value="1.8"/>
    <property name="file.encoding" value="UTF-8"/>
    <property name="user.name" value="sonu"/>
    <property name="java.class.path" value="C:\Users\BS146TU\.p2\pool\plugins\org.eclipse.m2e.maven.runtime_1.8.2.20171007-0216\jars\plexus-classworlds-2.5.2.jar"/>
    <property name="java.vm.specification.version" value="1.8"/>
    <property name="sun.arch.data.model" value="64"/>
    <property name="java.home" value="C:\Program Files\java\jdk1.8.0_152\jre"/>
    <property name="sun.java.command" value="org.codehaus.plexus.classworlds.launcher.Launcher -B test"/>
    <property name="java.specification.vendor" value="Oracle Corporation"/>
    <property name="user.language" value="en"/>
    <property name="awt.toolkit" value="sun.awt.windows.WToolkit"/>
    <property name="java.vm.info" value="mixed mode"/>
    <property name="java.version" value="1.8.0_152"/>
    <property name="java.ext.dirs" value="C:\Program Files\java\jdk1.8.0_152\jre\lib\ext;C:\WINDOWS\Sun\Java\lib\ext"/>
    <property name="sun.boot.class.path" value="C:\Program Files\java\jdk1.8.0_152\jre\lib\resources.jar;C:\Program Files\java\jdk1.8.0_152\jre\lib\rt.jar;C:\Program Files\java\jdk1.8.0_152\jre\lib\sunrsasign.jar;C:\Program Files\java\jdk1.8.0_152\jre\lib\jsse.jar;C:\Program Files\java\jdk1.8.0_152\jre\lib\jce.jar;C:\Program Files\java\jdk1.8.0_152\jre\lib\charsets.jar;C:\Program Files\java\jdk1.8.0_152\jre\lib\jfr.jar;C:\Program Files\java\jdk1.8.0_152\jre\classes"/>
    <property name="java.vendor" value="Oracle Corporation"/>
    <property name="maven.home" value="F:\FULL TIME\FinalProject\PRESTASHOPCART\EMBEDDED"/>
    <property name="file.separator" value="\"/>
    <property name="java.vendor.url.bug" value="http://bugreport.sun.com/bugreport/"/>
    <property name="sun.cpu.endian" value="little"/>
    <property name="sun.io.unicode.encoding" value="UnicodeLittle"/>
    <property name="sun.desktop" value="windows"/>
    <property name="sun.cpu.isalist" value="amd64"/>
  </properties>
  <testcase classname="com.shopcart.qa.testcases.LoginPageTest" name="setUp" time="46.089">
    <failure message="timeout
  (Session info: chrome=80.0.3987.132)
Build info: version: &apos;3.141.59&apos;, revision: &apos;e82be7d358&apos;, time: &apos;2018-11-14T08:17:03&apos;
System info: host: &apos;LAPTOP-5E3MODR9&apos;, ip: &apos;192.168.0.118&apos;, os.name: &apos;Windows 10&apos;, os.arch: &apos;amd64&apos;, os.version: &apos;10.0&apos;, java.version: &apos;1.8.0_152&apos;
Driver info: org.openqa.selenium.chrome.ChromeDriver
Capabilities {acceptInsecureCerts: false, browserName: chrome, browserVersion: 80.0.3987.132, chrome: {chromedriverVersion: 79.0.3945.36 (3582db32b3389..., userDataDir: C:\Users\BS146TU\AppData\Lo...}, goog:chromeOptions: {debuggerAddress: localhost:61634}, javascriptEnabled: true, networkConnectionEnabled: false, pageLoadStrategy: normal, platform: WINDOWS, platformName: WINDOWS, proxy: Proxy(), setWindowRect: true, strictFileInteractability: false, timeouts: {implicit: 0, pageLoad: 300000, script: 30000}, unhandledPromptBehavior: dismiss and notify}
Session ID: 7da90bff7f2f47928e779471709dcb04" type="org.openqa.selenium.TimeoutException">org.openqa.selenium.TimeoutException: timeout
  (Session info: chrome=80.0.3987.132)
Build info: version: &apos;3.141.59&apos;, revision: &apos;e82be7d358&apos;, time: &apos;2018-11-14T08:17:03&apos;
System info: host: &apos;LAPTOP-5E3MODR9&apos;, ip: &apos;192.168.0.118&apos;, os.name: &apos;Windows 10&apos;, os.arch: &apos;amd64&apos;, os.version: &apos;10.0&apos;, java.version: &apos;1.8.0_152&apos;
Driver info: org.openqa.selenium.chrome.ChromeDriver
Capabilities {acceptInsecureCerts: false, browserName: chrome, browserVersion: 80.0.3987.132, chrome: {chromedriverVersion: 79.0.3945.36 (3582db32b3389..., userDataDir: C:\Users\BS146TU\AppData\Lo...}, goog:chromeOptions: {debuggerAddress: localhost:61634}, javascriptEnabled: true, networkConnectionEnabled: false, pageLoadStrategy: normal, platform: WINDOWS, platformName: WINDOWS, proxy: Proxy(), setWindowRect: true, strictFileInteractability: false, timeouts: {implicit: 0, pageLoad: 300000, script: 30000}, unhandledPromptBehavior: dismiss and notify}
Session ID: 7da90bff7f2f47928e779471709dcb04
	at sun.reflect.NativeConstructorAccessorImpl.newInstance0(Native Method)
	at sun.reflect.NativeConstructorAccessorImpl.newInstance(NativeConstructorAccessorImpl.java:62)
	at sun.reflect.DelegatingConstructorAccessorImpl.newInstance(DelegatingConstructorAccessorImpl.java:45)
	at java.lang.reflect.Constructor.newInstance(Constructor.java:423)
	at org.openqa.selenium.remote.http.W3CHttpResponseCodec.createException(W3CHttpResponseCodec.java:187)
	at org.openqa.selenium.remote.http.W3CHttpResponseCodec.decode(W3CHttpResponseCodec.java:122)
	at org.openqa.selenium.remote.http.W3CHttpResponseCodec.decode(W3CHttpResponseCodec.java:49)
	at org.openqa.selenium.remote.HttpCommandExecutor.execute(HttpCommandExecutor.java:158)
	at org.openqa.selenium.remote.service.DriverCommandExecutor.execute(DriverCommandExecutor.java:83)
	at org.openqa.selenium.remote.RemoteWebDriver.execute(RemoteWebDriver.java:552)
	at org.openqa.selenium.remote.RemoteWebDriver.get(RemoteWebDriver.java:277)
	at com.shopcart.qa.base.TestBase.initialization(TestBase.java:50)
	at com.shopcart.qa.testcases.LoginPageTest.setUp(LoginPageTest.java:22)
</failure>
    <system-out>Configuring TestNG with: org.apache.maven.surefire.testng.conf.TestNG652Configurator@244038d0
</system-out>
    <system-err>Starting ChromeDriver 79.0.3945.36 (3582db32b33893869b8c1339e8f4d9ed1816f143-refs/branch-heads/3945@{#614}) on port 5314
Only local connections are allowed.
Please protect ports used by ChromeDriver and related test frameworks to prevent access by malicious code.
[1583499011.549][WARNING]: This version of ChromeDriver has not been tested with Chrome version 80.
[1583499013.619][WARNING]: Timed out connecting to Chrome, retrying...
Mar 06, 2020 6:20:21 PM org.openqa.selenium.remote.ProtocolHandshake createSession
INFO: Detected dialect: W3C
[1583499024.153][WARNING]: Timed out connecting to Chrome, retrying...
[1583499047.347][SEVERE]: Timed out receiving message from renderer: 19.997
[1583499047.382][SEVERE]: Timed out receiving message from renderer: -0.039
[1583499047.410][SEVERE]: Timed out receiving message from renderer: -0.067
</system-err>
  </testcase>
  <testcase classname="com.shopcart.qa.testcases.LoginPageTest" name="loginTest" time="0">
    <skipped/>
  </testcase>
  <testcase classname="com.shopcart.qa.testcases.LoginPageTest" name="tearDown" time="0">
    <skipped/>
  </testcase>
  <testcase classname="com.shopcart.qa.testcases.LoginPageTest" name="setUp" time="0">
    <skipped/>
  </testcase>
  <testcase classname="com.shopcart.qa.testcases.LoginPageTest" name="loginPageTitleTest" time="0">
    <skipped/>
  </testcase>
  <testcase classname="com.shopcart.qa.testcases.LoginPageTest" name="tearDown" time="0">
    <skipped/>
  </testcase>
  <testcase classname="com.shopcart.qa.testcases.LoginPageTest" name="setUp" time="0">
    <skipped/>
  </testcase>
  <testcase classname="com.shopcart.qa.testcases.LoginPageTest" name="ShoplogoImg" time="0">
    <skipped/>
  </testcase>
  <testcase classname="com.shopcart.qa.testcases.LoginPageTest" name="tearDown" time="0">
    <skipped/>
  </testcase>
  <testcase classname="com.shopcart.qa.testcases.LoginPageTest" name="setUp" time="0">
    <skipped/>
  </testcase>
  <testcase classname="com.shopcart.qa.testcases.LoginPageTest" name="ShopVersionTest" time="0">
    <skipped/>
  </testcase>
  <testcase classname="com.shopcart.qa.testcases.LoginPageTest" name="tearDown" time="0">
    <skipped/>
  </testcase>
  <testcase classname="com.shopcart.qa.testcases.LoginPageTest" name="setUp" time="0">
    <skipped/>
  </testcase>
  <testcase classname="com.shopcart.qa.testcases.LoginPageTest" name="ShopcartImgTest" time="0">
    <skipped/>
  </testcase>
  <testcase classname="com.shopcart.qa.testcases.LoginPageTest" name="tearDown" time="0">
    <skipped/>
  </testcase>
</testsuite>