<?xml version="1.0" encoding="UTF-8"?>
<!-- Generated by org.testng.reporters.JUnitXMLReporter -->
<testsuite hostname="LAPTOP-5E3MODR9" name="ShopCart_Test" tests="18" failures="1" timestamp="10 Mar 2020 07:23:26 GMT" time="488.929" errors="0">
  <testcase name="validateOrders" time="11.457" classname="com.shopcart.qa.testcases.OrdersPageTest"/>
  <testcase name="validateInvoice" time="12.314" classname="com.shopcart.qa.testcases.OrdersPageTest"/>
  <testcase name="validateMerchandise_Returns" time="6.08" classname="com.shopcart.qa.testcases.OrdersPageTest"/>
  <testcase name="validateDeliverySlips" time="7.017" classname="com.shopcart.qa.testcases.OrdersPageTest"/>
  <testcase name="validateCreditSlips" time="7.296" classname="com.shopcart.qa.testcases.OrdersPageTest"/>
  <testcase name="validateStatuses" time="11.975" classname="com.shopcart.qa.testcases.OrdersPageTest"/>
  <testcase name="customerPage" time="0.004" classname="com.shopcart.qa.testcases.OrdersPageTest"/>
  <testcase name="validateOrderMessages" time="8.678" classname="com.shopcart.qa.testcases.OrdersPageTest"/>
  <testcase name="validateCustomerData" time="10.578" classname="com.shopcart.qa.testcases.CustomerPageTest"/>
  <testcase name="validateCustomerData" time="9.744" classname="com.shopcart.qa.testcases.CustomerPageTest"/>
  <testcase name="validateCustomerData" time="10.156" classname="com.shopcart.qa.testcases.CustomerPageTest"/>
  <testcase name="validateCustomerData" time="9.56" classname="com.shopcart.qa.testcases.CustomerPageTest">
    <failure type="org.openqa.selenium.NoSuchWindowException" message="no such window: target window already closed
from unknown error: web view not found
  (Session info: chrome=80.0.3987.132)
Build info: version: &amp;apos;3.141.59&amp;apos;, revision: &amp;apos;e82be7d358&amp;apos;, time: &amp;apos;2018-11-14T08:17:03&amp;apos;
System info: host: &amp;apos;LAPTOP-5E3MODR9&amp;apos;, ip: &amp;apos;192.168.0.107&amp;apos;, os.name: &amp;apos;Windows 10&amp;apos;, os.arch: &amp;apos;amd64&amp;apos;, os.version: &amp;apos;10.0&amp;apos;, java.version: &amp;apos;1.8.0_152&amp;apos;
Driver info: org.openqa.selenium.chrome.ChromeDriver
Capabilities {acceptInsecureCerts: false, browserName: chrome, browserVersion: 80.0.3987.132, chrome: {chromedriverVersion: 79.0.3945.36 (3582db32b3389..., userDataDir: C:\Users\BS146TU\AppData\Lo...}, goog:chromeOptions: {debuggerAddress: localhost:52365}, javascriptEnabled: true, networkConnectionEnabled: false, pageLoadStrategy: normal, platform: WINDOWS, platformName: WINDOWS, proxy: Proxy(), setWindowRect: true, strictFileInteractability: false, timeouts: {implicit: 0, pageLoad: 300000, script: 30000}, unhandledPromptBehavior: dismiss and notify}
Session ID: c90c031563687d0aa2866efdae8bf51c">
      <![CDATA[org.openqa.selenium.NoSuchWindowException: no such window: target window already closed
from unknown error: web view not found
  (Session info: chrome=80.0.3987.132)
Build info: version: '3.141.59', revision: 'e82be7d358', time: '2018-11-14T08:17:03'
System info: host: 'LAPTOP-5E3MODR9', ip: '192.168.0.107', os.name: 'Windows 10', os.arch: 'amd64', os.version: '10.0', java.version: '1.8.0_152'
Driver info: org.openqa.selenium.chrome.ChromeDriver
Capabilities {acceptInsecureCerts: false, browserName: chrome, browserVersion: 80.0.3987.132, chrome: {chromedriverVersion: 79.0.3945.36 (3582db32b3389..., userDataDir: C:\Users\BS146TU\AppData\Lo...}, goog:chromeOptions: {debuggerAddress: localhost:52365}, javascriptEnabled: true, networkConnectionEnabled: false, pageLoadStrategy: normal, platform: WINDOWS, platformName: WINDOWS, proxy: Proxy(), setWindowRect: true, strictFileInteractability: false, timeouts: {implicit: 0, pageLoad: 300000, script: 30000}, unhandledPromptBehavior: dismiss and notify}
Session ID: c90c031563687d0aa2866efdae8bf51c
	at org.openqa.selenium.remote.http.W3CHttpResponseCodec.createException(W3CHttpResponseCodec.java:187)
	at org.openqa.selenium.remote.http.W3CHttpResponseCodec.decode(W3CHttpResponseCodec.java:122)
	at org.openqa.selenium.remote.http.W3CHttpResponseCodec.decode(W3CHttpResponseCodec.java:49)
	at org.openqa.selenium.remote.HttpCommandExecutor.execute(HttpCommandExecutor.java:158)
	at org.openqa.selenium.remote.service.DriverCommandExecutor.execute(DriverCommandExecutor.java:83)
	at org.openqa.selenium.remote.RemoteWebDriver.execute(RemoteWebDriver.java:552)
	at org.openqa.selenium.remote.RemoteWebDriver.perform(RemoteWebDriver.java:618)
	at org.openqa.selenium.interactions.Actions$BuiltAction.perform(Actions.java:639)
	at com.shopcart.qa.pages.CustomerPage.addNewCustomerFromExcel(CustomerPage.java:45)
	at com.shopcart.qa.testcases.CustomerPageTest.validateCustomerData(CustomerPageTest.java:44)
... Removed 28 stack frames]]>
    </failure>
  </testcase> <!-- validateCustomerData -->
  <testcase name="ValidatAddressesTest" time="6.858" classname="com.shopcart.qa.testcases.CustomerPageTest"/>
  <testcase name="ValidatGroupsTest" time="6.684" classname="com.shopcart.qa.testcases.CustomerPageTest"/>
  <testcase name="ValidatShippingCartsTest" time="6.722" classname="com.shopcart.qa.testcases.CustomerPageTest"/>
  <testcase name="ValidatCustomerServicesTest" time="6.89" classname="com.shopcart.qa.testcases.CustomerPageTest"/>
  <testcase name="ValidatContactsTest" time="7.515" classname="com.shopcart.qa.testcases.CustomerPageTest"/>
  <testcase name="validatTittlesTest" time="5.104" classname="com.shopcart.qa.testcases.CustomerPageTest"/>
</testsuite> <!-- ShopCart_Test -->
