<html>
<head>
<title>TestNG:  ShopCart_Test</title>
<link href="../testng.css" rel="stylesheet" type="text/css" />
<link href="../my-testng.css" rel="stylesheet" type="text/css" />

<style type="text/css">
.log { display: none;} 
.stack-trace { display: none;} 
</style>
<script type="text/javascript">
<!--
function flip(e) {
  current = e.style.display;
  if (current == 'block') {
    e.style.display = 'none';
    return 0;
  }
  else {
    e.style.display = 'block';
    return 1;
  }
}

function toggleBox(szDivId, elem, msg1, msg2)
{
  var res = -1;  if (document.getElementById) {
    res = flip(document.getElementById(szDivId));
  }
  else if (document.all) {
    // this is the way old msie versions work
    res = flip(document.all[szDivId]);
  }
  if(elem) {
    if(res == 0) elem.innerHTML = msg1; else elem.innerHTML = msg2;
  }

}

function toggleAllBoxes() {
  if (document.getElementsByTagName) {
    d = document.getElementsByTagName('div');
    for (i = 0; i < d.length; i++) {
      if (d[i].className == 'log') {
        flip(d[i]);
      }
    }
  }
}

// -->
</script>

</head>
<body>
<h2 align='center'>ShopCart_Test</h2><table border='1' align="center">
<tr>
<td>Tests passed/Failed/Skipped:</td><td>17/1/0</td>
</tr><tr>
<td>Started on:</td><td>Tue Mar 10 12:45:15 IST 2020</td>
</tr>
<tr><td>Total time:</td><td>488 seconds (488929 ms)</td>
</tr><tr>
<td>Included groups:</td><td></td>
</tr><tr>
<td>Excluded groups:</td><td></td>
</tr>
</table><p/>
<small><i>(Hover the method name to see the test class name)</i></small><p/>
<table width='100%' border='1' class='invocation-failed'>
<tr><td colspan='4' align='center'><b>FAILED TESTS</b></td></tr>
<tr><td><b>Test method</b></td>
<td width="30%"><b>Exception</b></td>
<td width="10%"><b>Time (seconds)</b></td>
<td><b>Instance</b></td>
</tr>
<tr>
<td title='com.shopcart.qa.testcases.CustomerPageTest.validateCustomerData()'><b>validateCustomerData</b><br>Test class: com.shopcart.qa.testcases.CustomerPageTest<br>Parameters: Abhi, k, ak, password</td>
<td><div><pre>org.openqa.selenium.NoSuchWindowException: no such window: target window already closed
from unknown error: web view not found
  (Session info: chrome=80.0.3987.132)
Build info: version: &apos;3.141.59&apos;, revision: &apos;e82be7d358&apos;, time: &apos;2018-11-14T08:17:03&apos;
System info: host: &apos;LAPTOP-5E3MODR9&apos;, ip: &apos;192.168.0.107&apos;, os.name: &apos;Windows 10&apos;, os.arch: &apos;amd64&apos;, os.version: &apos;10.0&apos;, java.version: &apos;1.8.0_152&apos;
Driver info: org.openqa.selenium.chrome.ChromeDriver
Capabilities {acceptInsecureCerts: false, browserName: chrome, browserVersion: 80.0.3987.132, chrome: {chromedriverVersion: 79.0.3945.36 (3582db32b3389..., userDataDir: C:\Users\BS146TU\AppData\Lo...}, goog:chromeOptions: {debuggerAddress: localhost:52365}, javascriptEnabled: true, networkConnectionEnabled: false, pageLoadStrategy: normal, platform: WINDOWS, platformName: WINDOWS, proxy: Proxy(), setWindowRect: true, strictFileInteractability: false, timeouts: {implicit: 0, pageLoad: 300000, script: 30000}, unhandledPromptBehavior: dismiss and notify}
Session ID: c90c031563687d0aa2866efdae8bf51c
	at org.openqa.selenium.remote.http.W3CHttpResponseCodec.createException(W3CHttpResponseCodec.java:187)
	at org.openqa.selenium.remote.http.W3CHttpResponseCodec.decode(W3CHttpResponseCodec.java:122)
	at org.openqa.selenium.remote.http.W3CHttpResponseCodec.decode(W3CHttpResponseCodec.java:49)
	at org.openqa.selenium.remote.HttpCommandExecutor.execute(HttpCommandExecutor.java:158)
	at org.openqa.selenium.remote.service.DriverCommandExecutor.execute(DriverCommandExecutor.java:83)
	at org.openqa.selenium.remote.RemoteWebDriver.execute(RemoteWebDriver.java:552)
	at org.openqa.selenium.remote.RemoteWebDriver.perform(RemoteWebDriver.java:618)
	at org.openqa.selenium.interactions.Actions$BuiltAction.perform(Actions.java:639)
	at com.shopcart.qa.pages.CustomerPage.addNewCustomerFromExcel(CustomerPage.java:45)
	at com.shopcart.qa.testcases.CustomerPageTest.validateCustomerData(CustomerPageTest.java:44)
... Removed 28 stack frames</pre></div><a href='#' onClick='toggleBox("stack-trace403094604", this, "Click to show all stack frames", "Click to hide stack frames")'>Click to show all stack frames</a>
<div class='stack-trace' id='stack-trace403094604'><pre>org.openqa.selenium.NoSuchWindowException: no such window: target window already closed
from unknown error: web view not found
  (Session info: chrome=80.0.3987.132)
Build info: version: &apos;3.141.59&apos;, revision: &apos;e82be7d358&apos;, time: &apos;2018-11-14T08:17:03&apos;
System info: host: &apos;LAPTOP-5E3MODR9&apos;, ip: &apos;192.168.0.107&apos;, os.name: &apos;Windows 10&apos;, os.arch: &apos;amd64&apos;, os.version: &apos;10.0&apos;, java.version: &apos;1.8.0_152&apos;
Driver info: org.openqa.selenium.chrome.ChromeDriver
Capabilities {acceptInsecureCerts: false, browserName: chrome, browserVersion: 80.0.3987.132, chrome: {chromedriverVersion: 79.0.3945.36 (3582db32b3389..., userDataDir: C:\Users\BS146TU\AppData\Lo...}, goog:chromeOptions: {debuggerAddress: localhost:52365}, javascriptEnabled: true, networkConnectionEnabled: false, pageLoadStrategy: normal, platform: WINDOWS, platformName: WINDOWS, proxy: Proxy(), setWindowRect: true, strictFileInteractability: false, timeouts: {implicit: 0, pageLoad: 300000, script: 30000}, unhandledPromptBehavior: dismiss and notify}
Session ID: c90c031563687d0aa2866efdae8bf51c
	at sun.reflect.NativeConstructorAccessorImpl.newInstance0(Native Method)
	at sun.reflect.NativeConstructorAccessorImpl.newInstance(NativeConstructorAccessorImpl.java:62)
	at sun.reflect.DelegatingConstructorAccessorImpl.newInstance(DelegatingConstructorAccessorImpl.java:45)
	at java.lang.reflect.Constructor.newInstance(Constructor.java:423)
	at org.openqa.selenium.remote.http.W3CHttpResponseCodec.createException(W3CHttpResponseCodec.java:187)
	at org.openqa.selenium.remote.http.W3CHttpResponseCodec.decode(W3CHttpResponseCodec.java:122)
	at org.openqa.selenium.remote.http.W3CHttpResponseCodec.decode(W3CHttpResponseCodec.java:49)
	at org.openqa.selenium.remote.HttpCommandExecutor.execute(HttpCommandExecutor.java:158)
	at org.openqa.selenium.remote.service.DriverCommandExecutor.execute(DriverCommandExecutor.java:83)
	at org.openqa.selenium.remote.RemoteWebDriver.execute(RemoteWebDriver.java:552)
	at org.openqa.selenium.remote.RemoteWebDriver.perform(RemoteWebDriver.java:618)
	at org.openqa.selenium.interactions.Actions$BuiltAction.perform(Actions.java:639)
	at com.shopcart.qa.pages.CustomerPage.addNewCustomerFromExcel(CustomerPage.java:45)
	at com.shopcart.qa.testcases.CustomerPageTest.validateCustomerData(CustomerPageTest.java:44)
	at sun.reflect.NativeMethodAccessorImpl.invoke0(Native Method)
	at sun.reflect.NativeMethodAccessorImpl.invoke(NativeMethodAccessorImpl.java:62)
	at sun.reflect.DelegatingMethodAccessorImpl.invoke(DelegatingMethodAccessorImpl.java:43)
	at java.lang.reflect.Method.invoke(Method.java:498)
	at org.testng.internal.MethodInvocationHelper.invokeMethod(MethodInvocationHelper.java:80)
	at org.testng.internal.Invoker.invokeMethod(Invoker.java:714)
	at org.testng.internal.Invoker.invokeTestMethod(Invoker.java:901)
	at org.testng.internal.Invoker.invokeTestMethods(Invoker.java:1231)
	at org.testng.internal.TestMethodWorker.invokeTestMethods(TestMethodWorker.java:127)
	at org.testng.internal.TestMethodWorker.run(TestMethodWorker.java:111)
	at org.testng.TestRunner.privateRun(TestRunner.java:767)
	at org.testng.TestRunner.run(TestRunner.java:617)
	at org.testng.SuiteRunner.runTest(SuiteRunner.java:334)
	at org.testng.SuiteRunner.runSequentially(SuiteRunner.java:329)
	at org.testng.SuiteRunner.privateRun(SuiteRunner.java:291)
	at org.testng.SuiteRunner.run(SuiteRunner.java:240)
	at org.testng.SuiteRunnerWorker.runSuite(SuiteRunnerWorker.java:52)
	at org.testng.SuiteRunnerWorker.run(SuiteRunnerWorker.java:86)
	at org.testng.TestNG.runSuitesSequentially(TestNG.java:1198)
	at org.testng.TestNG.runSuitesLocally(TestNG.java:1123)
	at org.testng.TestNG.run(TestNG.java:1031)
	at org.testng.remote.AbstractRemoteTestNG.run(AbstractRemoteTestNG.java:114)
	at org.testng.remote.RemoteTestNG.initAndRun(RemoteTestNG.java:251)
	at org.testng.remote.RemoteTestNG.main(RemoteTestNG.java:77)
</pre></div></td>
<td>9</td>
<td>com.shopcart.qa.testcases.CustomerPageTest@1bce4f0a</td></tr>
</table><p>
<table width='100%' border='1' class='invocation-passed'>
<tr><td colspan='4' align='center'><b>PASSED TESTS</b></td></tr>
<tr><td><b>Test method</b></td>
<td width="30%"><b>Exception</b></td>
<td width="10%"><b>Time (seconds)</b></td>
<td><b>Instance</b></td>
</tr>
<tr>
<td title='com.shopcart.qa.testcases.CustomerPageTest.ValidatAddressesTest()'><b>ValidatAddressesTest</b><br>Test class: com.shopcart.qa.testcases.CustomerPageTest</td>
<td></td>
<td>6</td>
<td>com.shopcart.qa.testcases.CustomerPageTest@1bce4f0a</td></tr>
<tr>
<td title='com.shopcart.qa.testcases.CustomerPageTest.ValidatContactsTest()'><b>ValidatContactsTest</b><br>Test class: com.shopcart.qa.testcases.CustomerPageTest</td>
<td></td>
<td>7</td>
<td>com.shopcart.qa.testcases.CustomerPageTest@1bce4f0a</td></tr>
<tr>
<td title='com.shopcart.qa.testcases.CustomerPageTest.ValidatCustomerServicesTest()'><b>ValidatCustomerServicesTest</b><br>Test class: com.shopcart.qa.testcases.CustomerPageTest</td>
<td></td>
<td>6</td>
<td>com.shopcart.qa.testcases.CustomerPageTest@1bce4f0a</td></tr>
<tr>
<td title='com.shopcart.qa.testcases.CustomerPageTest.ValidatGroupsTest()'><b>ValidatGroupsTest</b><br>Test class: com.shopcart.qa.testcases.CustomerPageTest</td>
<td></td>
<td>6</td>
<td>com.shopcart.qa.testcases.CustomerPageTest@1bce4f0a</td></tr>
<tr>
<td title='com.shopcart.qa.testcases.CustomerPageTest.ValidatShippingCartsTest()'><b>ValidatShippingCartsTest</b><br>Test class: com.shopcart.qa.testcases.CustomerPageTest</td>
<td></td>
<td>6</td>
<td>com.shopcart.qa.testcases.CustomerPageTest@1bce4f0a</td></tr>
<tr>
<td title='com.shopcart.qa.testcases.OrdersPageTest.customerPage()'><b>customerPage</b><br>Test class: com.shopcart.qa.testcases.OrdersPageTest</td>
<td></td>
<td>0</td>
<td>com.shopcart.qa.testcases.OrdersPageTest@3ffc5af1</td></tr>
<tr>
<td title='com.shopcart.qa.testcases.CustomerPageTest.validatTittlesTest()'><b>validatTittlesTest</b><br>Test class: com.shopcart.qa.testcases.CustomerPageTest</td>
<td></td>
<td>5</td>
<td>com.shopcart.qa.testcases.CustomerPageTest@1bce4f0a</td></tr>
<tr>
<td title='com.shopcart.qa.testcases.OrdersPageTest.validateCreditSlips()'><b>validateCreditSlips</b><br>Test class: com.shopcart.qa.testcases.OrdersPageTest</td>
<td></td>
<td>7</td>
<td>com.shopcart.qa.testcases.OrdersPageTest@3ffc5af1</td></tr>
<tr>
<td title='com.shopcart.qa.testcases.CustomerPageTest.validateCustomerData()'><b>validateCustomerData</b><br>Test class: com.shopcart.qa.testcases.CustomerPageTest<br>Parameters: Ashu, s, as@gmail.com, password</td>
<td></td>
<td>10</td>
<td>com.shopcart.qa.testcases.CustomerPageTest@1bce4f0a</td></tr>
<tr>
<td title='com.shopcart.qa.testcases.CustomerPageTest.validateCustomerData()'><b>validateCustomerData</b><br>Test class: com.shopcart.qa.testcases.CustomerPageTest<br>Parameters: Akash, v, av@gmail.com, password</td>
<td></td>
<td>9</td>
<td>com.shopcart.qa.testcases.CustomerPageTest@1bce4f0a</td></tr>
<tr>
<td title='com.shopcart.qa.testcases.CustomerPageTest.validateCustomerData()'><b>validateCustomerData</b><br>Test class: com.shopcart.qa.testcases.CustomerPageTest<br>Parameters: Shubham, p, sp@gmail.com, password</td>
<td></td>
<td>10</td>
<td>com.shopcart.qa.testcases.CustomerPageTest@1bce4f0a</td></tr>
<tr>
<td title='com.shopcart.qa.testcases.OrdersPageTest.validateDeliverySlips()'><b>validateDeliverySlips</b><br>Test class: com.shopcart.qa.testcases.OrdersPageTest</td>
<td></td>
<td>7</td>
<td>com.shopcart.qa.testcases.OrdersPageTest@3ffc5af1</td></tr>
<tr>
<td title='com.shopcart.qa.testcases.OrdersPageTest.validateInvoice()'><b>validateInvoice</b><br>Test class: com.shopcart.qa.testcases.OrdersPageTest</td>
<td></td>
<td>12</td>
<td>com.shopcart.qa.testcases.OrdersPageTest@3ffc5af1</td></tr>
<tr>
<td title='com.shopcart.qa.testcases.OrdersPageTest.validateMerchandise_Returns()'><b>validateMerchandise_Returns</b><br>Test class: com.shopcart.qa.testcases.OrdersPageTest</td>
<td></td>
<td>6</td>
<td>com.shopcart.qa.testcases.OrdersPageTest@3ffc5af1</td></tr>
<tr>
<td title='com.shopcart.qa.testcases.OrdersPageTest.validateOrderMessages()'><b>validateOrderMessages</b><br>Test class: com.shopcart.qa.testcases.OrdersPageTest</td>
<td></td>
<td>8</td>
<td>com.shopcart.qa.testcases.OrdersPageTest@3ffc5af1</td></tr>
<tr>
<td title='com.shopcart.qa.testcases.OrdersPageTest.validateOrders()'><b>validateOrders</b><br>Test class: com.shopcart.qa.testcases.OrdersPageTest</td>
<td></td>
<td>11</td>
<td>com.shopcart.qa.testcases.OrdersPageTest@3ffc5af1</td></tr>
<tr>
<td title='com.shopcart.qa.testcases.OrdersPageTest.validateStatuses()'><b>validateStatuses</b><br>Test class: com.shopcart.qa.testcases.OrdersPageTest</td>
<td></td>
<td>11</td>
<td>com.shopcart.qa.testcases.OrdersPageTest@3ffc5af1</td></tr>
</table><p>
</body>
</html>